<?xml version="1.0" encoding="UTF-8"?>
<testsuite name="ru.stqa.alena.addressbook.tests.tests.GroupCreationTests" tests="4" skipped="4" failures="0" errors="0" timestamp="2019-04-27T13:00:49" hostname="DESKTOP-G012KTH" time="0.089">
  <properties/>
  <testcase name="testBadGroupCreation" classname="ru.stqa.alena.addressbook.tests.tests.GroupCreationTests" time="0.001">
    <skipped/>
  </testcase>
  <testcase name="testGroupCreation[0](GroupData{id='2147483647', name='test 0'})" classname="ru.stqa.alena.addressbook.tests.tests.GroupCreationTests" time="0.0">
    <skipped/>
  </testcase>
  <testcase name="testGroupCreation[1](GroupData{id='2147483647', name='test 1'})" classname="ru.stqa.alena.addressbook.tests.tests.GroupCreationTests" time="0.0">
    <skipped/>
  </testcase>
  <testcase name="testGroupCreation[2](GroupData{id='2147483647', name='test 2'})" classname="ru.stqa.alena.addressbook.tests.tests.GroupCreationTests" time="0.0">
    <skipped/>
  </testcase>
  <system-out><![CDATA[]]></system-out>
  <system-err><![CDATA[]]></system-err>
</testsuite>
