<?xml version="1.0" encoding="UTF-8"?>
<testsuite name="ru.stqa.alena.addressbook.tests.tests.ContactModificationTests" tests="1" skipped="1" failures="0" errors="0" timestamp="2019-04-27T13:00:50" hostname="DESKTOP-G012KTH" time="0.0">
  <properties/>
  <testcase name="testContactModification" classname="ru.stqa.alena.addressbook.tests.tests.ContactModificationTests" time="0.0">
    <skipped/>
  </testcase>
  <system-out><![CDATA[]]></system-out>
  <system-err><![CDATA[]]></system-err>
</testsuite>
