<?xml version="1.0" encoding="UTF-8"?>
<testsuite name="ru.stqa.alena.addressbook.tests.tests.GroupCreationTests" tests="4" skipped="0" failures="0" errors="0" timestamp="2019-04-11T18:22:15" hostname="DESKTOP-G012KTH" time="12.764">
  <properties/>
  <testcase name="testBadGroupCreation" classname="ru.stqa.alena.addressbook.tests.tests.GroupCreationTests" time="4.393"/>
  <testcase name="testGroupCreation[0](GroupData{id='2147483647', name='test 0'})" classname="ru.stqa.alena.addressbook.tests.tests.GroupCreationTests" time="2.689"/>
  <testcase name="testGroupCreation[1](GroupData{id='2147483647', name='test 1'})" classname="ru.stqa.alena.addressbook.tests.tests.GroupCreationTests" time="2.83"/>
  <testcase name="testGroupCreation[2](GroupData{id='2147483647', name='test 2'})" classname="ru.stqa.alena.addressbook.tests.tests.GroupCreationTests" time="2.736"/>
  <system-out><![CDATA[]]></system-out>
  <system-err><![CDATA[]]></system-err>
</testsuite>
