<?xml version="1.0" encoding="UTF-8"?>
<testsuite name="ru.stqa.alena.addressbook.tests.tests.ContactModificationTests" tests="1" skipped="0" failures="0" errors="0" timestamp="2019-04-11T17:50:13" hostname="DESKTOP-G012KTH" time="3.579">
  <properties/>
  <testcase name="testContactModification" classname="ru.stqa.alena.addressbook.tests.tests.ContactModificationTests" time="3.579"/>
  <system-out><![CDATA[]]></system-out>
  <system-err><![CDATA[]]></system-err>
</testsuite>
