<?xml version="1.0" encoding="UTF-8"?>
<testsuite name="ru.stqa.alena.addressbook.tests.tests.GroupDeleteTests" tests="1" skipped="0" failures="0" errors="0" timestamp="2019-04-10T19:16:11" hostname="DESKTOP-G012KTH" time="1.733">
  <properties/>
  <testcase name="testGroupDelete" classname="ru.stqa.alena.addressbook.tests.tests.GroupDeleteTests" time="1.733"/>
  <system-out><![CDATA[]]></system-out>
  <system-err><![CDATA[]]></system-err>
</testsuite>
