<?xml version="1.0" encoding="UTF-8"?>
<testsuite name="ru.stqa.alena.addressbook.tests.tests.ContactModificationTests" tests="1" skipped="0" failures="0" errors="0" timestamp="2019-04-10T19:16:52" hostname="DESKTOP-G012KTH" time="2.713">
  <properties/>
  <testcase name="testContactModification" classname="ru.stqa.alena.addressbook.tests.tests.ContactModificationTests" time="2.713"/>
  <system-out><![CDATA[]]></system-out>
  <system-err><![CDATA[]]></system-err>
</testsuite>
