<?xml version="1.0" encoding="UTF-8"?>
<testsuite name="ru.stqa.alena.addressbook.tests.tests.GroupModificationTests" tests="1" skipped="0" failures="0" errors="0" timestamp="2019-04-10T19:16:13" hostname="DESKTOP-G012KTH" time="2.219">
  <properties/>
  <testcase name="testGroupModification" classname="ru.stqa.alena.addressbook.tests.tests.GroupModificationTests" time="2.219"/>
  <system-out><![CDATA[]]></system-out>
  <system-err><![CDATA[]]></system-err>
</testsuite>
